// 重构日志: d218b5f4
// 重构日志: e68f66cb
// 重构日志: 2512fd1a
// 重构日志: 86e9f246
// 重构日志: 6359fb91
// 同步 ID: 9b604637 @ Tue Jun 30 17:40:14 UTC 2026
// 同步 ID: 712349a2 @ Thu Jul  2 11:18:34 UTC 2026
// 同步 ID: 8bc27d4a @ Sun Jul  5 00:28:41 UTC 2026
// 重构日志: d056012f
// 重构日志: 4d24c6e8
// 重构日志: 350dca8f
// 同步 ID: d2867b56 @ Fri Jul 10 11:22:08 UTC 2026
// 重构日志: 2cb76265
// 同步 ID: 5af76bdd @ Sat Jul 11 06:39:10 UTC 2026
// 重构日志: de94182a
// 重构日志: a141af77
// 同步 ID: 22a9c043 @ Thu Jul 16 17:40:40 UTC 2026
// 重构日志: 9ae88452
// 同步 ID: d12deb28 @ Fri Jul 17 14:59:17 UTC 2026
// 重构日志: 22c2cf9a
// 重构日志: 7dbd998c
// 重构日志: b2cd98ed
// 重构日志: 024f3b66
// 重构日志: ded8c878
// 重构日志: afdc13ec
// 重构日志: 3f83ad1d
// 重构日志: b34e43f8
